0 info it worked if it ends with ok
1 verbose cli [ '/usr/local/bin/node', '/usr/local/bin/npm', 'publish' ]
2 info using npm@2.14.7
3 info using node@v4.2.2
4 verbose publish [ '.' ]
5 silly cache add args [ '.', null ]
6 verbose cache add spec .
7 silly cache add parsed spec Result {
7 silly cache add   raw: '.',
7 silly cache add   scope: null,
7 silly cache add   name: null,
7 silly cache add   rawSpec: '.',
7 silly cache add   spec: '/var/www/htdocs/lib/style/doubleU23/style.boilerplate',
7 silly cache add   type: 'directory' }
8 verbose addLocalDirectory /home/steve/.npm/doubleu23-stylus/0.1.3/package.tgz not in flight; packing
9 verbose tar pack [ '/home/steve/.npm/doubleu23-stylus/0.1.3/package.tgz',
9 verbose tar pack   '/var/www/htdocs/lib/style/doubleU23/style.boilerplate' ]
10 verbose tarball /home/steve/.npm/doubleu23-stylus/0.1.3/package.tgz
11 verbose folder /var/www/htdocs/lib/style/doubleU23/style.boilerplate
12 info prepublish doubleu23-stylus@0.1.3
13 verbose addLocalTarball adding from inside cache /home/steve/.npm/doubleu23-stylus/0.1.3/package.tgz
14 silly cache afterAdd doubleu23-stylus@0.1.3
15 verbose afterAdd /home/steve/.npm/doubleu23-stylus/0.1.3/package/package.json not in flight; writing
16 verbose afterAdd /home/steve/.npm/doubleu23-stylus/0.1.3/package/package.json written
17 silly publish { name: 'doubleu23-stylus',
17 silly publish   version: '0.1.3',
17 silly publish   description: 'A little collection of mixins helpers and some other stuff',
17 silly publish   main: 'lib/doubleu23-stylus.js',
17 silly publish   scripts: { test: 'npm test' },
17 silly publish   repository:
17 silly publish    { type: 'git',
17 silly publish      url: 'git+https://github.com/doubleu23/style.boilerplate.git' },
17 silly publish   keywords: [ 'stylus', 'mediaqueries', 'mixins' ],
17 silly publish   author: { name: 'Stefan Friedl' },
17 silly publish   license: 'MIT',
17 silly publish   bugs: { url: 'https://github.com/doubleu23/style.boilerplate/issues' },
17 silly publish   homepage: 'https://github.com/doubleu23/style.boilerplate#readme',
17 silly publish   dependencies: { path: '^0.12.7', stylus: '^0.52.4' },
17 silly publish   readme: '# DoubleU23 - Stylus lib  \n> Stylus mixins, utilities, helpers, ...\n\n## Changelog:\n0.1.1 - ready for Stylus.use() API\n\n## to do:  \n@import \'doubleu23-stylus/mqs\'  \nto import MQ mixin + vars\n\n## Installation\n\n```bash\n$ npm install doubleu23-stylus\n```\n\n## JavaScript API\n\n__with connect/express:__\n```javascript\nvar connect = require(\'connect\')\n  , stylus = require(\'stylus\')\n  , doubleu23Stylus = require(\'doubleu23-stylus\');\n\nvar server = connect();\n\nfunction compile(str, path) {\n  return stylus(str)\n\t.set(\'filename\', path)\n\t.set(\'compress\', true)\n\t.use(doubleu23Stylus());\n}\n\nserver.use(stylus.middleware({\n\tsrc: __dirname\n  , compile: compile\n}));\n```\n\n__with webpack:__\n```javascript\nvar doubleu23Stylus \t= require(\'doubleu23-stylus\')\n,\tconfig = {\n\t\t[...]\n\t\tstylus: {\n\t\t\tuse: [doubleu23Stylus()]\n\t\t}\n\t}\n;\n```\n\n## Stylus API\n\n  To gain access to everything nib has to offer, simply add:\n\n  ```css\n  @import \'doubleu23-stylus\'\n  ```\n\n  Or you may also pick and choose based on the directory structure in `./lib`, for example:\n\n  ```css\n  @import \'doubleu23-stylus/reset\'\n  @import \'doubleu23-stylus/variables\'\n  @import \'doubleu23-stylus/mixins\'\n  ```\n\n_To be continued..._\n\n## More Information\n\n## Testing - to be done\n\n## Contributors\n  - [Stefan Friedl](https://github.com/DoubleU23) (Original Creator)\n',
17 silly publish   readmeFilename: 'README.md',
17 silly publish   gitHead: '1ad5808e37f442055eef126780d4773bcbb74815',
17 silly publish   _id: 'doubleu23-stylus@0.1.3',
17 silly publish   _shasum: '93ec0d486b95febb8a596a30e90fde7fc1debedb',
17 silly publish   _from: '.' }
18 verbose getPublishConfig undefined
19 silly mapToRegistry name doubleu23-stylus
20 silly mapToRegistry using default registry
21 silly mapToRegistry registry https://registry.npmjs.org/
22 silly mapToRegistry uri https://registry.npmjs.org/doubleu23-stylus
23 verbose publish registryBase https://registry.npmjs.org/
24 silly publish uploading /home/steve/.npm/doubleu23-stylus/0.1.3/package.tgz
25 verbose request uri https://registry.npmjs.org/doubleu23-stylus
26 verbose request sending authorization for write operation
27 info attempt registry request try #1 at 7:36:16 PM
28 verbose request using bearer token for auth
29 verbose request id da1c8ebe4a0dff82
30 http request PUT https://registry.npmjs.org/doubleu23-stylus
31 http 403 https://registry.npmjs.org/doubleu23-stylus
32 verbose headers { 'content-type': 'application/json',
32 verbose headers   'cache-control': 'max-age=60',
32 verbose headers   'content-length': '95',
32 verbose headers   'accept-ranges': 'bytes',
32 verbose headers   date: 'Mon, 30 Nov 2015 18:36:18 GMT',
32 verbose headers   via: '1.1 varnish',
32 verbose headers   connection: 'keep-alive',
32 verbose headers   'x-served-by': 'cache-fra1241-FRA',
32 verbose headers   'x-cache': 'MISS',
32 verbose headers   'x-cache-hits': '0',
32 verbose headers   'x-timer': 'S1448908577.596995,VS0,VE1278' }
33 verbose request invalidating /home/steve/.npm/registry.npmjs.org/doubleu23-stylus on PUT
34 error publish Failed PUT 403
35 verbose stack Error: "You cannot publish over the previously published version 0.1.3." : doubleu23-stylus
35 verbose stack     at makeError (/usr/local/lib/node_modules/npm/node_modules/npm-registry-client/lib/request.js:264:12)
35 verbose stack     at CachingRegistryClient.<anonymous> (/usr/local/lib/node_modules/npm/node_modules/npm-registry-client/lib/request.js:252:14)
35 verbose stack     at Request._callback (/usr/local/lib/node_modules/npm/node_modules/npm-registry-client/lib/request.js:172:14)
35 verbose stack     at Request.self.callback (/usr/local/lib/node_modules/npm/node_modules/request/request.js:198:22)
35 verbose stack     at emitTwo (events.js:87:13)
35 verbose stack     at Request.emit (events.js:172:7)
35 verbose stack     at Request.<anonymous> (/usr/local/lib/node_modules/npm/node_modules/request/request.js:1063:14)
35 verbose stack     at emitOne (events.js:82:20)
35 verbose stack     at Request.emit (events.js:169:7)
35 verbose stack     at IncomingMessage.<anonymous> (/usr/local/lib/node_modules/npm/node_modules/request/request.js:1009:12)
36 verbose statusCode 403
37 verbose pkgid doubleu23-stylus
38 verbose cwd /var/www/htdocs/lib/style/doubleU23/style.boilerplate
39 error Linux 4.3.0-040300-generic
40 error argv "/usr/local/bin/node" "/usr/local/bin/npm" "publish"
41 error node v4.2.2
42 error npm  v2.14.7
43 error code E403
44 error "You cannot publish over the previously published version 0.1.3." : doubleu23-stylus
45 error If you need help, you may report this error at:
45 error     <https://github.com/npm/npm/issues>
46 verbose exit [ 1, true ]
